#
# There is insufficient memory for the Java Runtime Environment to continue.
# Native memory allocation (malloc) failed to allocate 1275696 bytes for Chunk::new
# Possible reasons:
#   The system is out of physical RAM or swap space
#   In 32 bit mode, the process size limit was hit
# Possible solutions:
#   Reduce memory load on the system
#   Increase physical memory or swap space
#   Check if swap backing store is full
#   Use 64 bit Java on a 64 bit OS
#   Decrease Java heap size (-Xmx/-Xms)
#   Decrease number of Java threads
#   Decrease Java thread stack sizes (-Xss)
#   Set larger code cache with -XX:ReservedCodeCacheSize=
# This output file may be truncated or incomplete.
#
#  Out of Memory Error (allocation.cpp:390), pid=1808, tid=0x0000000000003478
#
# JRE version: OpenJDK Runtime Environment (8.0_152-b01) (build 1.8.0_152-release-915-b01)
# Java VM: OpenJDK 64-Bit Server VM (25.152-b01 mixed mode windows-amd64 compressed oops)
# Failed to write core dump. Minidumps are not enabled by default on client versions of Windows
#

---------------  T H R E A D  ---------------

Current thread (0x000000001ab54000):  JavaThread "C2 CompilerThread2" daemon [_thread_in_native, id=13432, stack(0x000000001b3c0000,0x000000001b4c0000)]

Stack: [0x000000001b3c0000,0x000000001b4c0000]
[error occurred during error reporting (printing stack bounds), id 0xc0000005]

Native frames: (J=compiled Java code, j=interpreted, Vv=VM code, C=native code)


Current CompileTask:
C2:   7541 4761       4       sun.reflect.generics.parser.SignatureParser::parsePackageNameAndSimpleClassTypeSignature (139 bytes)


---------------  P R O C E S S  ---------------

Java Threads: ( => current thread )
  0x000000001bd3f800 JavaThread "Memory manager" [_thread_blocked, id=14772, stack(0x0000000024fc0000,0x00000000250c0000)]
  0x000000001bd40800 JavaThread "build operations Thread 8" [_thread_blocked, id=4912, stack(0x0000000024870000,0x0000000024970000)]
  0x000000001bd41000 JavaThread "build operations Thread 7" [_thread_blocked, id=9648, stack(0x0000000024770000,0x0000000024870000)]
  0x000000001bd42000 JavaThread "build operations Thread 6" [_thread_blocked, id=25548, stack(0x0000000024670000,0x0000000024770000)]
  0x000000001f9a7800 JavaThread "build operations Thread 5" [_thread_blocked, id=1680, stack(0x0000000024570000,0x0000000024670000)]
  0x000000001f9ad000 JavaThread "build operations Thread 4" [_thread_blocked, id=16732, stack(0x0000000024470000,0x0000000024570000)]
  0x000000001f9ac000 JavaThread "build operations Thread 3" [_thread_blocked, id=24876, stack(0x0000000024370000,0x0000000024470000)]
  0x000000001f9a7000 JavaThread "build operations Thread 2" [_thread_blocked, id=25412, stack(0x0000000024270000,0x0000000024370000)]
  0x000000001f9ab800 JavaThread "build operations" [_thread_blocked, id=13892, stack(0x0000000023f60000,0x0000000024060000)]
  0x000000001f9aa800 JavaThread "Cache worker for Artifact transforms cache (C:\Users\Administrator\.gradle\caches\transforms-1)" [_thread_blocked, id=16400, stack(0x0000000020400000,0x0000000020500000)]
  0x000000001d36a800 JavaThread "Cache worker for file hash cache (E:\androidprogrames\WuXiang\.gradle\4.1\fileHashes)" [_thread_blocked, id=25056, stack(0x000000001f130000,0x000000001f230000)]
  0x000000001cc5b000 JavaThread "File lock request listener" [_thread_in_native, id=21692, stack(0x000000001f030000,0x000000001f130000)]
  0x000000001d159000 JavaThread "Cache worker for file hash cache (C:\Users\Administrator\.gradle\caches\4.1\fileHashes)" [_thread_blocked, id=3368, stack(0x000000001ef30000,0x000000001f030000)]
  0x000000001bc9f800 JavaThread "Stdin handler" [_thread_blocked, id=6356, stack(0x000000001eb30000,0x000000001ec30000)]
  0x000000001bc9c800 JavaThread "Asynchronous log dispatcher for DefaultDaemonConnection: socket connection from /127.0.0.1:64848 to /127.0.0.1:64849" [_thread_blocked, id=22128, stack(0x000000001ea30000,0x000000001eb30000)]
  0x000000001ca3f800 JavaThread "Daemon worker" [_thread_in_Java, id=18648, stack(0x000000001e930000,0x000000001ea30000)]
  0x000000001ce82800 JavaThread "Cancel handler" [_thread_blocked, id=13060, stack(0x000000001e830000,0x000000001e930000)]
  0x000000001c7b4800 JavaThread "Handler for socket connection from /127.0.0.1:64848 to /127.0.0.1:64849" [_thread_in_native, id=8196, stack(0x000000001e530000,0x000000001e630000)]
  0x000000001c7b3800 JavaThread "Daemon" [_thread_blocked, id=10516, stack(0x000000001e430000,0x000000001e530000)]
  0x000000001cf7c000 JavaThread "Daemon periodic checks" [_thread_blocked, id=6480, stack(0x000000001e330000,0x000000001e430000)]
  0x000000001c5ba000 JavaThread "Incoming local TCP Connector on port 64848" [_thread_in_native, id=2288, stack(0x000000001cf90000,0x000000001d090000)]
  0x000000001abe8000 JavaThread "Service Thread" daemon [_thread_blocked, id=2884, stack(0x000000001b5c0000,0x000000001b6c0000)]
  0x000000001ab5a000 JavaThread "C1 CompilerThread3" daemon [_thread_blocked, id=13348, stack(0x000000001b4c0000,0x000000001b5c0000)]
=>0x000000001ab54000 JavaThread "C2 CompilerThread2" daemon [_thread_in_native, id=13432, stack(0x000000001b3c0000,0x000000001b4c0000)]
  0x000000001ab52000 JavaThread "C2 CompilerThread1" daemon [_thread_in_native, id=14732, stack(0x000000001b2c0000,0x000000001b3c0000)]
  0x000000001ab4e800 JavaThread "C2 CompilerThread0" daemon [_thread_in_native, id=712, stack(0x000000001b1c0000,0x000000001b2c0000)]
  0x000000001aaf8800 JavaThread "Attach Listener" daemon [_thread_blocked, id=15276, stack(0x000000001b0c0000,0x000000001b1c0000)]
  0x000000001aaf7800 JavaThread "Signal Dispatcher" daemon [_thread_blocked, id=20700, stack(0x000000001afc0000,0x000000001b0c0000)]
  0x0000000004e29000 JavaThread "Finalizer" daemon [_thread_blocked, id=2924, stack(0x000000001aec0000,0x000000001afc0000)]
  0x0000000018beb800 JavaThread "Reference Handler" daemon [_thread_blocked, id=16916, stack(0x000000001a9c0000,0x000000001aac0000)]
  0x0000000004d32800 JavaThread "main" [_thread_blocked, id=18420, stack(0x0000000004c30000,0x0000000004d30000)]

Other Threads:
  0x0000000018be7800 VMThread [stack: 0x000000001a8c0000,0x000000001a9c0000] [id=16520]
  0x000000001abe9000 WatcherThread [stack: 0x000000001b6c0000,0x000000001b7c0000] [id=18964]

VM state:not at safepoint (normal execution)

VM Mutex/Monitor currently owned by a thread: None

Heap:
 PSYoungGen      total 204800K, used 141129K [0x00000000e0000000, 0x00000000ef180000, 0x0000000100000000)
  eden space 196608K, 71% used [0x00000000e0000000,0x00000000e89d2418,0x00000000ec000000)
  from space 8192K, 0% used [0x00000000ec000000,0x00000000ec000000,0x00000000ec800000)
  to   space 13312K, 0% used [0x00000000ee480000,0x00000000ee480000,0x00000000ef180000)
 ParOldGen       total 84992K, used 17233K [0x00000000a0000000, 0x00000000a5300000, 0x00000000e0000000)
  object space 84992K, 20% used [0x00000000a0000000,0x00000000a10d4620,0x00000000a5300000)
 Metaspace       used 45986K, capacity 47100K, committed 47448K, reserved 1089536K
  class space    used 6164K, capacity 6497K, committed 6528K, reserved 1048576K

Card table byte_map: [0x00000000141f0000,0x0000000014500000] byte_map_base: 0x0000000013cf0000

Marking Bits: (ParMarkBitMap*) 0x0000000075373950
 Begin Bits: [0x0000000014f00000, 0x0000000016700000)
 End Bits:   [0x0000000016700000, 0x0000000017f00000)

Polling page: 0x0000000002ae0000

CodeCache: size=245760Kb used=16060Kb max_used=16071Kb free=229699Kb
 bounds [0x0000000004e30000, 0x0000000005e00000, 0x0000000013e30000]
 total_blobs=5237 nmethods=4494 adapters=655
 compilation: enabled

Compilation events (10 events):
Event: 7.536 Thread 0x000000001ab5a000 4989       3       com.sun.org.apache.xerces.internal.impl.dv.xs.XSSimpleTypeDecl::validate (68 bytes)
Event: 7.537 Thread 0x000000001ab5a000 nmethod 4989 0x0000000005de8010 code [0x0000000005de81c0, 0x0000000005de8708]
Event: 7.537 Thread 0x000000001ab5a000 4990       3       com.sun.org.apache.xerces.internal.impl.xpath.regex.REUtil::isHighSurrogate (15 bytes)
Event: 7.537 Thread 0x000000001ab5a000 nmethod 4990 0x0000000005de7cd0 code [0x0000000005de7e20, 0x0000000005de7fb0]
Event: 7.537 Thread 0x000000001ab5a000 4991       3       javax.xml.bind.annotation.adapters.CollapsedStringAdapter::isWhiteSpace (38 bytes)
Event: 7.537 Thread 0x000000001ab5a000 nmethod 4991 0x0000000005de7850 code [0x0000000005de79c0, 0x0000000005de7c50]
Event: 7.538 Thread 0x000000001ab5a000 4992       1       com.sun.xml.internal.bind.v2.runtime.unmarshaller.SAXConnector$TagNameImpl::getQname (5 bytes)
Event: 7.538 Thread 0x000000001ab5a000 nmethod 4992 0x0000000005de7590 code [0x0000000005de76e0, 0x0000000005de77f0]
Event: 7.539 Thread 0x000000001ab5a000 4993       3       com.sun.xml.internal.stream.util.BufferAllocator::returnCharBuffer (51 bytes)
Event: 7.539 Thread 0x000000001ab5a000 nmethod 4993 0x0000000005debc10 code [0x0000000005debd80, 0x0000000005dec070]

GC Heap History (10 events):
Event: 3.390 GC heap before
{Heap before GC invocations=3 (full 0):
 PSYoungGen      total 106496K, used 42380K [0x00000000e0000000, 0x00000000e7000000, 0x0000000100000000)
  eden space 98304K, 34% used [0x00000000e0000000,0x00000000e21660e8,0x00000000e6000000)
  from space 8192K, 99% used [0x00000000e6800000,0x00000000e6ffd040,0x00000000e7000000)
  to   space 8192K, 0% used [0x00000000e6000000,0x00000000e6000000,0x00000000e6800000)
 ParOldGen       total 131072K, used 1091K [0x00000000a0000000, 0x00000000a8000000, 0x00000000e0000000)
  object space 131072K, 0% used [0x00000000a0000000,0x00000000a0110e68,0x00000000a8000000)
 Metaspace       used 20582K, capacity 21094K, committed 21248K, reserved 1067008K
  class space    used 2838K, capacity 3010K, committed 3072K, reserved 1048576K
Event: 3.401 GC heap after
Heap after GC invocations=3 (full 0):
 PSYoungGen      total 106496K, used 8183K [0x00000000e0000000, 0x00000000ed000000, 0x0000000100000000)
  eden space 98304K, 0% used [0x00000000e0000000,0x00000000e0000000,0x00000000e6000000)
  from space 8192K, 99% used [0x00000000e6000000,0x00000000e67fdec8,0x00000000e6800000)
  to   space 8192K, 0% used [0x00000000ec800000,0x00000000ec800000,0x00000000ed000000)
 ParOldGen       total 131072K, used 2815K [0x00000000a0000000, 0x00000000a8000000, 0x00000000e0000000)
  object space 131072K, 2% used [0x00000000a0000000,0x00000000a02bfdb8,0x00000000a8000000)
 Metaspace       used 20582K, capacity 21094K, committed 21248K, reserved 1067008K
  class space    used 2838K, capacity 3010K, committed 3072K, reserved 1048576K
}
Event: 3.401 GC heap before
{Heap before GC invocations=4 (full 1):
 PSYoungGen      total 106496K, used 8183K [0x00000000e0000000, 0x00000000ed000000, 0x0000000100000000)
  eden space 98304K, 0% used [0x00000000e0000000,0x00000000e0000000,0x00000000e6000000)
  from space 8192K, 99% used [0x00000000e6000000,0x00000000e67fdec8,0x00000000e6800000)
  to   space 8192K, 0% used [0x00000000ec800000,0x00000000ec800000,0x00000000ed000000)
 ParOldGen       total 131072K, used 2815K [0x00000000a0000000, 0x00000000a8000000, 0x00000000e0000000)
  object space 131072K, 2% used [0x00000000a0000000,0x00000000a02bfdb8,0x00000000a8000000)
 Metaspace       used 20582K, capacity 21094K, committed 21248K, reserved 1067008K
  class space    used 2838K, capacity 3010K, committed 3072K, reserved 1048576K
Event: 3.435 GC heap after
Heap after GC invocations=4 (full 1):
 PSYoungGen      total 106496K, used 0K [0x00000000e0000000, 0x00000000ed000000, 0x0000000100000000)
  eden space 98304K, 0% used [0x00000000e0000000,0x00000000e0000000,0x00000000e6000000)
  from space 8192K, 0% used [0x00000000e6000000,0x00000000e6000000,0x00000000e6800000)
  to   space 8192K, 0% used [0x00000000ec800000,0x00000000ec800000,0x00000000ed000000)
 ParOldGen       total 84992K, used 9604K [0x00000000a0000000, 0x00000000a5300000, 0x00000000e0000000)
  object space 84992K, 11% used [0x00000000a0000000,0x00000000a0961038,0x00000000a5300000)
 Metaspace       used 20582K, capacity 21094K, committed 21248K, reserved 1067008K
  class space    used 2838K, capacity 3010K, committed 3072K, reserved 1048576K
}
Event: 4.640 GC heap before
{Heap before GC invocations=5 (full 1):
 PSYoungGen      total 106496K, used 98304K [0x00000000e0000000, 0x00000000ed000000, 0x0000000100000000)
  eden space 98304K, 100% used [0x00000000e0000000,0x00000000e6000000,0x00000000e6000000)
  from space 8192K, 0% used [0x00000000e6000000,0x00000000e6000000,0x00000000e6800000)
  to   space 8192K, 0% used [0x00000000ec800000,0x00000000ec800000,0x00000000ed000000)
 ParOldGen       total 84992K, used 9604K [0x00000000a0000000, 0x00000000a5300000, 0x00000000e0000000)
  object space 84992K, 11% used [0x00000000a0000000,0x00000000a0961038,0x00000000a5300000)
 Metaspace       used 27746K, capacity 28360K, committed 28672K, reserved 1073152K
  class space    used 3855K, capacity 4035K, committed 4096K, reserved 1048576K
Event: 4.651 GC heap after
Heap after GC invocations=5 (full 1):
 PSYoungGen      total 157184K, used 8172K [0x00000000e0000000, 0x00000000ed000000, 0x0000000100000000)
  eden space 148992K, 0% used [0x00000000e0000000,0x00000000e0000000,0x00000000e9180000)
  from space 8192K, 99% used [0x00000000ec800000,0x00000000ecffb1e8,0x00000000ed000000)
  to   space 8192K, 0% used [0x00000000ec000000,0x00000000ec000000,0x00000000ec800000)
 ParOldGen       total 84992K, used 11537K [0x00000000a0000000, 0x00000000a5300000, 0x00000000e0000000)
  object space 84992K, 13% used [0x00000000a0000000,0x00000000a0b44510,0x00000000a5300000)
 Metaspace       used 27746K, capacity 28360K, committed 28672K, reserved 1073152K
  class space    used 3855K, capacity 4035K, committed 4096K, reserved 1048576K
}
Event: 5.939 GC heap before
{Heap before GC invocations=6 (full 1):
 PSYoungGen      total 157184K, used 105032K [0x00000000e0000000, 0x00000000ed000000, 0x0000000100000000)
  eden space 148992K, 65% used [0x00000000e0000000,0x00000000e5e96e90,0x00000000e9180000)
  from space 8192K, 99% used [0x00000000ec800000,0x00000000ecffb1e8,0x00000000ed000000)
  to   space 8192K, 0% used [0x00000000ec000000,0x00000000ec000000,0x00000000ec800000)
 ParOldGen       total 84992K, used 11537K [0x00000000a0000000, 0x00000000a5300000, 0x00000000e0000000)
  object space 84992K, 13% used [0x00000000a0000000,0x00000000a0b44510,0x00000000a5300000)
 Metaspace       used 34416K, capacity 35252K, committed 35416K, reserved 1079296K
  class space    used 4669K, capacity 4956K, committed 4992K, reserved 1048576K
Event: 5.946 GC heap after
Heap after GC invocations=6 (full 1):
 PSYoungGen      total 204800K, used 8175K [0x00000000e0000000, 0x00000000ef180000, 0x0000000100000000)
  eden space 196608K, 0% used [0x00000000e0000000,0x00000000e0000000,0x00000000ec000000)
  from space 8192K, 99% used [0x00000000ec000000,0x00000000ec7fbee8,0x00000000ec800000)
  to   space 13312K, 0% used [0x00000000ee480000,0x00000000ee480000,0x00000000ef180000)
 ParOldGen       total 84992K, used 14438K [0x00000000a0000000, 0x00000000a5300000, 0x00000000e0000000)
  object space 84992K, 16% used [0x00000000a0000000,0x00000000a0e19b88,0x00000000a5300000)
 Metaspace       used 34416K, capacity 35252K, committed 35416K, reserved 1079296K
  class space    used 4669K, capacity 4956K, committed 4992K, reserved 1048576K
}
Event: 5.946 GC heap before
{Heap before GC invocations=7 (full 2):
 PSYoungGen      total 204800K, used 8175K [0x00000000e0000000, 0x00000000ef180000, 0x0000000100000000)
  eden space 196608K, 0% used [0x00000000e0000000,0x00000000e0000000,0x00000000ec000000)
  from space 8192K, 99% used [0x00000000ec000000,0x00000000ec7fbee8,0x00000000ec800000)
  to   space 13312K, 0% used [0x00000000ee480000,0x00000000ee480000,0x00000000ef180000)
 ParOldGen       total 84992K, used 14438K [0x00000000a0000000, 0x00000000a5300000, 0x00000000e0000000)
  object space 84992K, 16% used [0x00000000a0000000,0x00000000a0e19b88,0x00000000a5300000)
 Metaspace       used 34416K, capacity 35252K, committed 35416K, reserved 1079296K
  class space    used 4669K, capacity 4956K, committed 4992K, reserved 1048576K
Event: 6.005 GC heap after
Heap after GC invocations=7 (full 2):
 PSYoungGen      total 204800K, used 0K [0x00000000e0000000, 0x00000000ef180000, 0x0000000100000000)
  eden space 196608K, 0% used [0x00000000e0000000,0x00000000e0000000,0x00000000ec000000)
  from space 8192K, 0% used [0x00000000ec000000,0x00000000ec000000,0x00000000ec800000)
  to   space 13312K, 0% used [0x00000000ee480000,0x00000000ee480000,0x00000000ef180000)
 ParOldGen       total 84992K, used 17233K [0x00000000a0000000, 0x00000000a5300000, 0x00000000e0000000)
  object space 84992K, 20% used [0x00000000a0000000,0x00000000a10d4620,0x00000000a5300000)
 Metaspace       used 34416K, capacity 35252K, committed 35416K, reserved 1079296K
  class space    used 4669K, capacity 4956K, committed 4992K, reserved 1048576K
}

Deoptimization events (10 events):
Event: 7.314 Thread 0x000000001ca3f800 Uncommon trap: reason=class_check action=maybe_recompile pc=0x0000000005d60d34 method=java.io.FilterInputStream.read()I @ 4
Event: 7.314 Thread 0x000000001ca3f800 Uncommon trap: reason=class_check action=maybe_recompile pc=0x0000000005d60d34 method=java.io.FilterInputStream.read()I @ 4
Event: 7.314 Thread 0x000000001ca3f800 Uncommon trap: reason=class_check action=maybe_recompile pc=0x0000000005d60d34 method=java.io.FilterInputStream.read()I @ 4
Event: 7.317 Thread 0x000000001ca3f800 Uncommon trap: reason=unstable_if action=reinterpret pc=0x0000000005913fe0 method=com.sun.org.apache.xerces.internal.impl.XMLEntityScanner.scanLiteral(ILcom/sun/org/apache/xerces/internal/xni/XMLString;Z)I @ 660
Event: 7.319 Thread 0x000000001ca3f800 Uncommon trap: reason=class_check action=maybe_recompile pc=0x0000000005a13b18 method=com.sun.org.apache.xerces.internal.impl.XMLDocumentFragmentScannerImpl.scanEndElement()I @ 145
Event: 7.319 Thread 0x000000001ca3f800 Uncommon trap: reason=class_check action=maybe_recompile pc=0x0000000005a13b18 method=com.sun.org.apache.xerces.internal.impl.XMLDocumentFragmentScannerImpl.scanEndElement()I @ 145
Event: 7.319 Thread 0x000000001ca3f800 Uncommon trap: reason=class_check action=maybe_recompile pc=0x0000000005a13b18 method=com.sun.org.apache.xerces.internal.impl.XMLDocumentFragmentScannerImpl.scanEndElement()I @ 145
Event: 7.319 Thread 0x000000001ca3f800 Uncommon trap: reason=class_check action=maybe_recompile pc=0x0000000005a13b18 method=com.sun.org.apache.xerces.internal.impl.XMLDocumentFragmentScannerImpl.scanEndElement()I @ 145
Event: 7.465 Thread 0x000000001ca3f800 Uncommon trap: reason=unstable_if action=reinterpret pc=0x0000000005900d10 method=java.lang.CharacterDataLatin1.digit(II)I @ 31
Event: 7.476 Thread 0x000000001ca3f800 Uncommon trap: reason=unstable_if action=reinterpret pc=0x000000000584e068 method=java.lang.CharacterDataLatin1.digit(II)I @ 31

Classes redefined (0 events):
No events

Internal exceptions (10 events):
Event: 7.123 Thread 0x000000001ca3f800 Exception <a 'sun/nio/fs/WindowsException'> (0x00000000e76ae178) thrown at [D:\src\AOSP-openjdk-cygwin\jdk8u\hotspot\src\share\vm\prims\jni.cpp, line 709]
Event: 7.123 Thread 0x000000001ca3f800 Exception <a 'sun/nio/fs/WindowsException'> (0x00000000e76aecc0) thrown at [D:\src\AOSP-openjdk-cygwin\jdk8u\hotspot\src\share\vm\prims\jni.cpp, line 709]
Event: 7.123 Thread 0x000000001ca3f800 Exception <a 'sun/nio/fs/WindowsException'> (0x00000000e76b0838) thrown at [D:\src\AOSP-openjdk-cygwin\jdk8u\hotspot\src\share\vm\prims\jni.cpp, line 709]
Event: 7.123 Thread 0x000000001ca3f800 Exception <a 'sun/nio/fs/WindowsException'> (0x00000000e76b13c0) thrown at [D:\src\AOSP-openjdk-cygwin\jdk8u\hotspot\src\share\vm\prims\jni.cpp, line 709]
Event: 7.123 Thread 0x000000001ca3f800 Exception <a 'sun/nio/fs/WindowsException'> (0x00000000e76b45e0) thrown at [D:\src\AOSP-openjdk-cygwin\jdk8u\hotspot\src\share\vm\prims\jni.cpp, line 709]
Event: 7.123 Thread 0x000000001ca3f800 Exception <a 'sun/nio/fs/WindowsException'> (0x00000000e76b5190) thrown at [D:\src\AOSP-openjdk-cygwin\jdk8u\hotspot\src\share\vm\prims\jni.cpp, line 709]
Event: 7.123 Thread 0x000000001ca3f800 Exception <a 'sun/nio/fs/WindowsException'> (0x00000000e76b6d80) thrown at [D:\src\AOSP-openjdk-cygwin\jdk8u\hotspot\src\share\vm\prims\jni.cpp, line 709]
Event: 7.123 Thread 0x000000001ca3f800 Exception <a 'sun/nio/fs/WindowsException'> (0x00000000e76b7968) thrown at [D:\src\AOSP-openjdk-cygwin\jdk8u\hotspot\src\share\vm\prims\jni.cpp, line 709]
Event: 7.131 Thread 0x000000001ca3f800 Exception <a 'java/lang/ClassNotFoundException': com/sun/org/glassfish/hk2/osgiresourcelocator/ServiceLoader> (0x00000000e7710580) thrown at [D:\src\AOSP-openjdk-cygwin\jdk8u\hotspot\src\share\vm\classfile\systemDictionary.cpp, line 210]
Event: 7.141 Thread 0x000000001ca3f800 Exception <a 'java/lang/NullPointerException'> (0x00000000e7750550) thrown at [D:\src\AOSP-openjdk-cygwin\jdk8u\hotspot\src\share\vm\interpreter\linkResolver.cpp, line 1282]

Events (10 events):
Event: 7.464 loading class javax/xml/bind/DatatypeConverterInterface done
Event: 7.464 loading class com/sun/xml/internal/bind/DatatypeConverterImpl done
Event: 7.465 Thread 0x000000001ca3f800 Uncommon trap: trap_request=0xffffff65 fr.pc=0x0000000005900d10
Event: 7.465 Thread 0x000000001ca3f800 DEOPT PACKING pc=0x0000000005900d10 sp=0x000000001ea2b610
Event: 7.465 Thread 0x000000001ca3f800 DEOPT UNPACKING pc=0x0000000004e7556a sp=0x000000001ea2b440 mode 2
Event: 7.466 loading class com/sun/xml/internal/bind/v2/runtime/unmarshaller/DefaultIDResolver$1
Event: 7.467 loading class com/sun/xml/internal/bind/v2/runtime/unmarshaller/DefaultIDResolver$1 done
Event: 7.476 Thread 0x000000001ca3f800 Uncommon trap: trap_request=0xffffff65 fr.pc=0x000000000584e068
Event: 7.476 Thread 0x000000001ca3f800 DEOPT PACKING pc=0x000000000584e068 sp=0x000000001ea2b510
Event: 7.476 Thread 0x000000001ca3f800 DEOPT UNPACKING pc=0x0000000004e7556a sp=0x000000001ea2b480 mode 2


Dynamic libraries:
0x00007ff6da6d0000 - 0x00007ff6da701000 	E:\androidstudio\jre\bin\java.exe
0x00007ff9b6aa0000 - 0x00007ff9b6c80000 	C:\Windows\SYSTEM32\ntdll.dll
0x00007ff9b56c0000 - 0x00007ff9b576e000 	C:\Windows\System32\KERNEL32.DLL
0x00007ff9b2fb0000 - 0x00007ff9b3216000 	C:\Windows\System32\KERNELBASE.dll
0x00007ff9b5780000 - 0x00007ff9b5821000 	C:\Windows\System32\ADVAPI32.dll
0x00007ff9b3fd0000 - 0x00007ff9b406d000 	C:\Windows\System32\msvcrt.dll
0x00007ff9b6350000 - 0x00007ff9b63ab000 	C:\Windows\System32\sechost.dll
0x00007ff9b6230000 - 0x00007ff9b634f000 	C:\Windows\System32\RPCRT4.dll
0x00007ff9b5f00000 - 0x00007ff9b608f000 	C:\Windows\System32\USER32.dll
0x00007ff9b36b0000 - 0x00007ff9b36d0000 	C:\Windows\System32\win32u.dll
0x00007ff9b61d0000 - 0x00007ff9b61f8000 	C:\Windows\System32\GDI32.dll
0x00007ff9b3220000 - 0x00007ff9b33b3000 	C:\Windows\System32\gdi32full.dll
0x00007ff9b3590000 - 0x00007ff9b362b000 	C:\Windows\System32\msvcp_win.dll
0x00007ff9b3e70000 - 0x00007ff9b3f66000 	C:\Windows\System32\ucrtbase.dll
0x00007ff9abc70000 - 0x00007ff9abed9000 	C:\Windows\WinSxS\amd64_microsoft.windows.common-controls_6595b64144ccf1df_6.0.16299.309_none_15cfd4c4935e6b11\COMCTL32.dll
0x00007ff9b5950000 - 0x00007ff9b5c58000 	C:\Windows\System32\combase.dll
0x00007ff9b3630000 - 0x00007ff9b36a2000 	C:\Windows\System32\bcryptPrimitives.dll
0x00007ff9b6200000 - 0x00007ff9b622d000 	C:\Windows\System32\IMM32.DLL
0x0000000074ad0000 - 0x0000000074ba2000 	E:\androidstudio\jre\jre\bin\msvcr100.dll
0x0000000074bb0000 - 0x00000000753ee000 	E:\androidstudio\jre\jre\bin\server\jvm.dll
0x00007ff9b5770000 - 0x00007ff9b5778000 	C:\Windows\System32\PSAPI.DLL
0x00007ff9b1ab0000 - 0x00007ff9b1aba000 	C:\Windows\SYSTEM32\VERSION.dll
0x00007ff9ae840000 - 0x00007ff9ae863000 	C:\Windows\SYSTEM32\WINMM.dll
0x00007ff9a3ed0000 - 0x00007ff9a3ed9000 	C:\Windows\SYSTEM32\WSOCK32.dll
0x00007ff9b6090000 - 0x00007ff9b60fc000 	C:\Windows\System32\WS2_32.dll
0x00007ff9ae810000 - 0x00007ff9ae83a000 	C:\Windows\SYSTEM32\WINMMBASE.dll
0x00007ff9b3e20000 - 0x00007ff9b3e6a000 	C:\Windows\System32\cfgmgr32.dll
0x00007ff9a7d40000 - 0x00007ff9a7d4f000 	E:\androidstudio\jre\jre\bin\verify.dll
0x00007ff99b2c0000 - 0x00007ff99b2e9000 	E:\androidstudio\jre\jre\bin\java.dll
0x00007ff99af70000 - 0x00007ff99af86000 	E:\androidstudio\jre\jre\bin\zip.dll
0x00007ff9b4070000 - 0x00007ff9b54a6000 	C:\Windows\System32\SHELL32.dll
0x00007ff9b63b0000 - 0x00007ff9b6456000 	C:\Windows\System32\shcore.dll
0x00007ff9b36d0000 - 0x00007ff9b3e17000 	C:\Windows\System32\windows.storage.dll
0x00007ff9b6a10000 - 0x00007ff9b6a61000 	C:\Windows\System32\shlwapi.dll
0x00007ff9b2e80000 - 0x00007ff9b2e91000 	C:\Windows\System32\kernel.appcore.dll
0x00007ff9b2e10000 - 0x00007ff9b2e5c000 	C:\Windows\System32\powrprof.dll
0x00007ff9b2df0000 - 0x00007ff9b2e0b000 	C:\Windows\System32\profapi.dll
0x00007ff99af50000 - 0x00007ff99af6a000 	E:\androidstudio\jre\jre\bin\net.dll
0x00007ff9b2680000 - 0x00007ff9b26e6000 	C:\Windows\system32\mswsock.dll
0x00007ff99af30000 - 0x00007ff99af41000 	E:\androidstudio\jre\jre\bin\nio.dll
0x00007ff9a94b0000 - 0x00007ff9a94ce000 	C:\Users\Administrator\.gradle\native\25\windows-amd64\native-platform.dll
0x00007ff9af470000 - 0x00007ff9af47d000 	E:\androidstudio\jre\jre\bin\management.dll
0x00007ff9b2840000 - 0x00007ff9b2857000 	C:\Windows\SYSTEM32\CRYPTSP.dll
0x00007ff9b2280000 - 0x00007ff9b22b3000 	C:\Windows\system32\rsaenh.dll
0x00007ff9b2950000 - 0x00007ff9b2975000 	C:\Windows\SYSTEM32\bcrypt.dll
0x00007ff9b2d20000 - 0x00007ff9b2d49000 	C:\Windows\SYSTEM32\USERENV.dll
0x00007ff9b2860000 - 0x00007ff9b286b000 	C:\Windows\SYSTEM32\CRYPTBASE.dll
0x00007ff9b2410000 - 0x00007ff9b2449000 	C:\Windows\SYSTEM32\IPHLPAPI.DLL
0x00007ff9b6460000 - 0x00007ff9b6468000 	C:\Windows\System32\NSI.dll
0x00007ff9ae770000 - 0x00007ff9ae786000 	C:\Windows\SYSTEM32\dhcpcsvc6.DLL
0x00007ff9ae6c0000 - 0x00007ff9ae6da000 	C:\Windows\SYSTEM32\dhcpcsvc.DLL

VM Arguments:
jvm_args: -Xmx1536m -Dfile.encoding=GBK -Duser.country=CN -Duser.language=zh -Duser.variant 
java_command: org.gradle.launcher.daemon.bootstrap.GradleDaemon 4.1
java_class_path (initial): C:\Users\Administrator\.gradle\wrapper\dists\gradle-4.1-all\bzyivzo6n839fup2jbap0tjew\gradle-4.1\lib\gradle-launcher-4.1.jar
Launcher Type: SUN_STANDARD

Environment Variables:
JAVA_HOME=E:\java\jdk
CLASSPATH=.;E:\java\jdk\lib\dt.jar;E:\java\jdk\lib\tools.jar;
PATH=C:\ProgramData\Oracle\Java\javapath;C:\Program Files\NVIDIA GPU Computing Toolkit\CUDA\v9.0\lib\x64;E:\python3.5\Scripts\;E:\python3.5\;C:\Windows\system32;C:\Windows;C:\Windows\System32\Wbem;C:\Windows\System32\WindowsPowerShell\v1.0\;C:\Program Files (x86)\NVIDIA Corporation\PhysX\Common;C:\Program Files\Intel\WiFi\bin\;C:\Program Files\Common Files\Intel\WirelessCommon\;E:\Anaconda3\Scripts;E:\Anaconda3;E:\Git\cmd;E:\cuda\cuda\bin;C:\Program Files\dotnet\;E:\opencv3.2.0\opencv\build\x64\vc14\bin;E:\androidSDK\platform-tools;E:\androidSDK\tools;C:\Program Files\NVIDIA GPU Computing Toolkit\CUDA\v9.0\bin;C:\Program Files\NVIDIA GPU Computing Toolkit\CUDA\v9.0\extras\CUPTI\libx64;C:\Program Files\cudnn\cuda\bin;C:\Program Files\cudnn\cuda\include;C:\Program Files\cudnn\cuda\lib\x64;E:\java\jdk\bin;E:\java\jdk\jre\bin;C:\Program Files\Microsoft SQL Server\Client SDK\ODBC\130\Tools\Binn\;C:\Program Files (x86)\Microsoft SQL Server\140\Tools\Binn\;C:\Program Files\Microsoft SQL Server\140\Tools\Binn\;C:\Program Files\Microsoft SQL Server\140\DTS\Binn\;C:\Program Files (x86)\Microsoft SQL Server\Client SDK\ODBC\130\Tools\Binn\;C:\Program Files (x86)\Microsoft SQL Server\140\DTS\Binn\;C:\Program Files (x86)\Microsoft SQL Server\140\Tools\Binn\ManagementStudio\;C:\Program Files\MySQL\MySQL Utilities 1.6\;D:\putty\;D:\QuickTime\QTSystem\;E:\cmake\cmake-3.11.1-win64-x64\bin;C:\Users\Administrator\AppData\Local\Microsoft\WindowsApps;C:\Program Files\Intel\WiFi\bin\;C:\Program Files\Common Files\Intel\WirelessCommon\;C:\Users\Administrator\AppData\Local\atom\bin;C:\Users\Administrator\AppData\Local\GitHubDesktop\bin
USERNAME=Rui
OS=Windows_NT
PROCESSOR_IDENTIFIER=Intel64 Family 6 Model 94 Stepping 3, GenuineIntel



---------------  S Y S T E M  ---------------

OS: Windows 10.0 , 64 bit Build 16299 (10.0.16299.15)

CPU:total 8 (initial active 8) (4 cores per cpu, 2 threads per core) family 6 model 94 stepping 3, cmov, cx8, fxsr, mmx, sse, sse2, sse3, ssse3, sse4.1, sse4.2, popcnt, avx, avx2, aes, clmul, erms, rtm, 3dnowpref, lzcnt, ht, tsc, tscinvbit, bmi1, bmi2, adx

Memory: 4k page, physical 12495852k(1348716k free), swap 15379436k(6900k free)

vm_info: OpenJDK 64-Bit Server VM (25.152-b01) for windows-amd64 JRE (1.8.0_152-release-915-b01), built by "builder" with MS VC++ 10.0 (VS2010)

time: Sun May 06 20:35:29 2018
elapsed time: 7 seconds (0d 0h 0m 7s)

